<?xml version="1.0" encoding="UTF-8"?>
<testsuite xmlns:xsi="http://www.w3.org/2001/XMLSchema-instance" xsi:noNamespaceSchemaLocation="https://maven.apache.org/surefire/maven-surefire-plugin/xsd/surefire-test-report.xsd" version="3.0.1" name="dev.ms.maven.CalculMetierTest" time="0.102" tests="3" errors="0" skipped="0" failures="0">
  <properties>
[...]
</properties>
  <testcase name="testSomme" classname="dev.ms.maven.CalculMetierTest" time="0.002"/>
  <testcase name="testProduit" classname="dev.ms.maven.CalculMetierTest" time="0.0"/>
  <testcase name="testDivision" classname="dev.ms.maven.CalculMetierTest" time="0.0"/>
</testsuite>